{
  "RSpec": {
    "coverage": {
      "/Users/jscag/Development/code/flatiron/rails/mybrary/app/controllers/items_controller.rb": [
        1,
        null
      ],
      "/Users/jscag/Development/code/flatiron/rails/mybrary/app/controllers/application_controller.rb": [
        1,
        null,
        null,
        1,
        null
      ],
      "/Users/jscag/Development/code/flatiron/rails/mybrary/app/controllers/users_controller.rb": [
        1,
        1,
        null,
        null,
        null,
        1,
        2,
        null,
        null,
        null,
        null,
        1,
        null,
        null,
        null,
        1,
        1,
        null,
        null,
        null,
        1,
        null,
        null,
        null,
        null,
        1,
        5,
        null,
        5,
        5,
        6,
        3,
        null,
        4,
        2,
        null,
        null,
        null,
        null,
        null,
        null,
        1,
        5,
        5,
        4,
        2,
        null,
        6,
        3,
        null,
        null,
        null,
        null,
        null,
        null,
        1,
        2,
        2,
        4,
        2,
        null,
        null,
        null,
        1,
        null,
        1,
        9,
        null,
        null,
        null,
        1,
        10,
        null,
        null
      ],
      "/Users/jscag/Development/code/flatiron/rails/mybrary/app/models/item.rb": [
        1,
        1,
        1,
        1,
        null,
        null,
        null
      ],
      "/Users/jscag/Development/code/flatiron/rails/mybrary/app/models/loan.rb": [
        1,
        1,
        1,
        null
      ],
      "/Users/jscag/Development/code/flatiron/rails/mybrary/app/models/user.rb": [
        1,
        1,
        1,
        1,
        null,
        null,
        null
      ]
    },
    "timestamp": 1385497867
  }
}
